<?xml version="1.0" encoding="UTF-8"?>
<!-- Generated by org.testng.reporters.JUnitReportReporter -->
<testsuite skipped="0" hostname="Mouli" name="LearnMaven.qagroup.AppTest" tests="1" failures="0" timestamp="2021-04-03T21:09:36 IST" time="0.048" errors="0">
  <testcase name="shouldAnswerWithTrue" time="0.048" classname="LearnMaven.qagroup.AppTest"/>
  <system-out/>
</testsuite> <!-- LearnMaven.qagroup.AppTest -->
