<?xml version="1.0" encoding="UTF-8"?>
<!-- Generated by org.testng.reporters.JUnitReportReporter -->
<testsuite hostname="Mouli" failures="0" tests="2" name="LearnMaven.qagroup.RESTAPITest" time="0.042" errors="0" timestamp="2021-04-03T19:53:51 IST" skipped="0">
  <testcase classname="LearnMaven.qagroup.RESTAPITest" name="postJIRA" time="0.005"/>
  <system-out/>
  <testcase classname="LearnMaven.qagroup.RESTAPITest" name="deleteTwitter" time="0.037"/>
  <system-out/>
</testsuite> <!-- LearnMaven.qagroup.RESTAPITest -->
