<?xml version="1.0" encoding="UTF-8"?>
<!-- Generated by org.testng.reporters.JUnitReportReporter -->
<testsuite hostname="Mouli" failures="0" tests="2" name="LearnMaven.qagroup.AppiumTest" time="0.047" errors="0" timestamp="2021-04-03T21:06:10 IST" skipped="0">
  <testcase classname="LearnMaven.qagroup.AppiumTest" name="nativeAppAndroid" time="0.012"/>
  <system-out/>
  <testcase classname="LearnMaven.qagroup.AppiumTest" name="IOSApps" time="0.035"/>
  <system-out/>
</testsuite> <!-- LearnMaven.qagroup.AppiumTest -->
