<?xml version="1.0" encoding="UTF-8"?>
<!-- Generated by org.testng.reporters.JUnitReportReporter -->
<testsuite skipped="0" hostname="Mouli" name="LearnMaven.qagroup.AppiumTest" tests="2" failures="0" timestamp="2021-04-05T20:24:31 IST" time="0.026" errors="0">
  <testcase name="nativeAppAndroid" time="0.000" classname="LearnMaven.qagroup.AppiumTest"/>
  <system-out/>
  <testcase name="IOSApps" time="0.026" classname="LearnMaven.qagroup.AppiumTest"/>
  <system-out/>
</testsuite> <!-- LearnMaven.qagroup.AppiumTest -->
