<?xml version="1.0" encoding="UTF-8"?>
<!-- Generated by org.testng.reporters.JUnitReportReporter -->
<testsuite skipped="0" hostname="Mouli" name="LearnMaven.qagroup.SelenumTest" tests="2" failures="0" timestamp="2021-04-05T20:24:31 IST" time="0.002" errors="0">
  <testcase name="BrowserAutomation" time="0.001" classname="LearnMaven.qagroup.SelenumTest"/>
  <system-out/>
  <testcase name="ElementsUI" time="0.001" classname="LearnMaven.qagroup.SelenumTest"/>
  <system-out/>
</testsuite> <!-- LearnMaven.qagroup.SelenumTest -->
